Flow report for Project_4
Mon Jul 26 16:01:14 2021
Quartus Prime Version 18.0.0 Build 614 04/24/2018 SJ Standard Edition


---------------------
; Table of Contents ;
---------------------
  1. Legal Notice
  2. Flow Summary
  3. Flow Settings
  4. Flow Non-Default Global Settings
  5. Flow Elapsed Time
  6. Flow OS Summary
  7. Flow Log
  8. Flow Messages
  9. Flow Suppressed Messages



----------------
; Legal Notice ;
----------------
Copyright (C) 2018  Intel Corporation. All rights reserved.
Your use of Intel Corporation's design tools, logic functions 
and other software and tools, and its AMPP partner logic 
functions, and any output files from any of the foregoing 
(including device programming or simulation files), and any 
associated documentation or information are expressly subject 
to the terms and conditions of the Intel Program License 
Subscription Agreement, the Intel Quartus Prime License Agreement,
the Intel FPGA IP License Agreement, or other applicable license
agreement, including, without limitation, that your use is for
the sole purpose of programming logic devices manufactured by
Intel and sold by Intel or its authorized distributors.  Please
refer to the applicable agreement for further details.



+--------------------------------------------------------------------------------------+
; Flow Summary                                                                         ;
+------------------------------------+-------------------------------------------------+
; Flow Status                        ; Successful - Mon Jul 26 16:01:11 2021           ;
; Quartus Prime Version              ; 18.0.0 Build 614 04/24/2018 SJ Standard Edition ;
; Revision Name                      ; Project_4                                       ;
; Top-level Entity Name              ; Project_4_main                                  ;
; Family                             ; Cyclone IV E                                    ;
; Device                             ; EP4CE6E22C8                                     ;
; Timing Models                      ; Final                                           ;
; Total logic elements               ; 191 / 6,272 ( 3 % )                             ;
;     Total combinational functions  ; 111 / 6,272 ( 2 % )                             ;
;     Dedicated logic registers      ; 161 / 6,272 ( 3 % )                             ;
; Total registers                    ; 161                                             ;
; Total pins                         ; 32 / 92 ( 35 % )                                ;
; Total virtual pins                 ; 0                                               ;
; Total memory bits                  ; 110,592 / 276,480 ( 40 % )                      ;
; Embedded Multiplier 9-bit elements ; 0 / 30 ( 0 % )                                  ;
; Total PLLs                         ; 0 / 2 ( 0 % )                                   ;
+------------------------------------+-------------------------------------------------+


+-----------------------------------------+
; Flow Settings                           ;
+-------------------+---------------------+
; Option            ; Setting             ;
+-------------------+---------------------+
; Start date & time ; 07/26/2021 16:00:43 ;
; Main task         ; Compilation         ;
; Revision Name     ; Project_4           ;
+-------------------+---------------------+


+----------------------------------------------------------------------------------------------------------------------------+
; Flow Non-Default Global Settings                                                                                           ;
+-------------------------------------+----------------------------------------+---------------+----------------+------------+
; Assignment Name                     ; Value                                  ; Default Value ; Entity Name    ; Section Id ;
+-------------------------------------+----------------------------------------+---------------+----------------+------------+
; COMPILER_SIGNATURE_ID               ; 90981855009063.162730444310492         ; --            ; --             ; --         ;
; MAX_CORE_JUNCTION_TEMP              ; 85                                     ; --            ; --             ; --         ;
; MIN_CORE_JUNCTION_TEMP              ; 0                                      ; --            ; --             ; --         ;
; MISC_FILE                           ; ROM_4.bsf                              ; --            ; --             ; --         ;
; MISC_FILE                           ; ROM_4_bb.v                             ; --            ; --             ; --         ;
; MISC_FILE                           ; FIFO.bsf                               ; --            ; --             ; --         ;
; MISC_FILE                           ; FIFO_bb.v                              ; --            ; --             ; --         ;
; PARTITION_COLOR                     ; -- (Not supported for targeted family) ; --            ; Project_4_main ; Top        ;
; PARTITION_FITTER_PRESERVATION_LEVEL ; -- (Not supported for targeted family) ; --            ; Project_4_main ; Top        ;
; PARTITION_NETLIST_TYPE              ; -- (Not supported for targeted family) ; --            ; Project_4_main ; Top        ;
; POWER_BOARD_THERMAL_MODEL           ; None (CONSERVATIVE)                    ; --            ; --             ; --         ;
; POWER_PRESET_COOLING_SOLUTION       ; 23 MM HEAT SINK WITH 200 LFPM AIRFLOW  ; --            ; --             ; --         ;
; PROJECT_OUTPUT_DIRECTORY            ; output_files                           ; --            ; --             ; --         ;
; TOP_LEVEL_ENTITY                    ; Project_4_main                         ; Project_4     ; --             ; --         ;
+-------------------------------------+----------------------------------------+---------------+----------------+------------+


+--------------------------------------------------------------------------------------------------------------------------+
; Flow Elapsed Time                                                                                                        ;
+----------------------+--------------+-------------------------+---------------------+------------------------------------+
; Module Name          ; Elapsed Time ; Average Processors Used ; Peak Virtual Memory ; Total CPU Time (on all processors) ;
+----------------------+--------------+-------------------------+---------------------+------------------------------------+
; Analysis & Synthesis ; 00:00:20     ; 1.0                     ; 638 MB              ; 00:00:27                           ;
; Fitter               ; 00:00:06     ; 1.0                     ; 1325 MB             ; 00:00:07                           ;
; Assembler            ; 00:00:01     ; 1.0                     ; 534 MB              ; 00:00:01                           ;
; Timing Analyzer      ; 00:00:02     ; 1.1                     ; 603 MB              ; 00:00:02                           ;
; Total                ; 00:00:29     ; --                      ; --                  ; 00:00:37                           ;
+----------------------+--------------+-------------------------+---------------------+------------------------------------+


+-----------------------------------------------------------------------------------+
; Flow OS Summary                                                                   ;
+----------------------+------------------+-----------+------------+----------------+
; Module Name          ; Machine Hostname ; OS Name   ; OS Version ; Processor type ;
+----------------------+------------------+-----------+------------+----------------+
; Analysis & Synthesis ; MKIP-PC          ; Windows 7 ; 6.1        ; x86_64         ;
; Fitter               ; MKIP-PC          ; Windows 7 ; 6.1        ; x86_64         ;
; Assembler            ; MKIP-PC          ; Windows 7 ; 6.1        ; x86_64         ;
; Timing Analyzer      ; MKIP-PC          ; Windows 7 ; 6.1        ; x86_64         ;
+----------------------+------------------+-----------+------------+----------------+


------------
; Flow Log ;
------------
quartus_map --read_settings_files=on --write_settings_files=off Project_4 -c Project_4
quartus_fit --read_settings_files=off --write_settings_files=off Project_4 -c Project_4
quartus_asm --read_settings_files=off --write_settings_files=off Project_4 -c Project_4
quartus_sta Project_4 -c Project_4



