Flow report for 1
Wed Jul 14 09:49:20 2021
Quartus Prime Version 18.0.0 Build 614 04/24/2018 SJ Standard Edition


---------------------
; Table of Contents ;
---------------------
  1. Legal Notice
  2. Flow Summary
  3. Flow Settings
  4. Flow Non-Default Global Settings
  5. Flow Elapsed Time
  6. Flow OS Summary
  7. Flow Log
  8. Flow Messages
  9. Flow Suppressed Messages



----------------
; Legal Notice ;
----------------
Copyright (C) 2018  Intel Corporation. All rights reserved.
Your use of Intel Corporation's design tools, logic functions 
and other software and tools, and its AMPP partner logic 
functions, and any output files from any of the foregoing 
(including device programming or simulation files), and any 
associated documentation or information are expressly subject 
to the terms and conditions of the Intel Program License 
Subscription Agreement, the Intel Quartus Prime License Agreement,
the Intel FPGA IP License Agreement, or other applicable license
agreement, including, without limitation, that your use is for
the sole purpose of programming logic devices manufactured by
Intel and sold by Intel or its authorized distributors.  Please
refer to the applicable agreement for further details.



+-------------------------------------------------------------------------+
; Flow Summary                                                            ;
+-----------------------+-------------------------------------------------+
; Flow Status           ; Successful - Wed Jul 14 09:49:18 2021           ;
; Quartus Prime Version ; 18.0.0 Build 614 04/24/2018 SJ Standard Edition ;
; Revision Name         ; 1                                               ;
; Top-level Entity Name ; counter                                         ;
; Family                ; MAX II                                          ;
; Total logic elements  ; 0 / 240 ( 0 % )                                 ;
; Total pins            ; 17 / 80 ( 21 % )                                ;
; Total virtual pins    ; 0                                               ;
; UFM blocks            ; 0 / 1 ( 0 % )                                   ;
; Device                ; EPM240T100C5                                    ;
; Timing Models         ; Final                                           ;
+-----------------------+-------------------------------------------------+


+-----------------------------------------+
; Flow Settings                           ;
+-------------------+---------------------+
; Option            ; Setting             ;
+-------------------+---------------------+
; Start date & time ; 07/14/2021 09:48:55 ;
; Main task         ; Compilation         ;
; Revision Name     ; 1                   ;
+-------------------+---------------------+


+----------------------------------------------------------------------------------------------------+
; Flow Non-Default Global Settings                                                                   ;
+--------------------------+------------------------------+---------------+-------------+------------+
; Assignment Name          ; Value                        ; Default Value ; Entity Name ; Section Id ;
+--------------------------+------------------------------+---------------+-------------+------------+
; COMPILER_SIGNATURE_ID    ; 416081083796.162624533401968 ; --            ; --          ; --         ;
; PROJECT_OUTPUT_DIRECTORY ; output_files                 ; --            ; --          ; --         ;
; TOP_LEVEL_ENTITY         ; counter                      ; 1             ; --          ; --         ;
+--------------------------+------------------------------+---------------+-------------+------------+


+--------------------------------------------------------------------------------------------------------------------------+
; Flow Elapsed Time                                                                                                        ;
+----------------------+--------------+-------------------------+---------------------+------------------------------------+
; Module Name          ; Elapsed Time ; Average Processors Used ; Peak Virtual Memory ; Total CPU Time (on all processors) ;
+----------------------+--------------+-------------------------+---------------------+------------------------------------+
; Analysis & Synthesis ; 00:00:13     ; 1.0                     ; 575 MB              ; 00:00:24                           ;
; Fitter               ; 00:00:07     ; 1.0                     ; 1125 MB             ; 00:00:03                           ;
; Assembler            ; 00:00:01     ; 1.0                     ; 503 MB              ; 00:00:01                           ;
; Timing Analyzer      ; 00:00:01     ; 1.0                     ; 532 MB              ; 00:00:01                           ;
; Total                ; 00:00:22     ; --                      ; --                  ; 00:00:29                           ;
+----------------------+--------------+-------------------------+---------------------+------------------------------------+


+-----------------------------------------------------------------------------------+
; Flow OS Summary                                                                   ;
+----------------------+------------------+-----------+------------+----------------+
; Module Name          ; Machine Hostname ; OS Name   ; OS Version ; Processor type ;
+----------------------+------------------+-----------+------------+----------------+
; Analysis & Synthesis ; user-ой          ; Windows 7 ; 6.1        ; x86_64         ;
; Fitter               ; user-ой          ; Windows 7 ; 6.1        ; x86_64         ;
; Assembler            ; user-ой          ; Windows 7 ; 6.1        ; x86_64         ;
; Timing Analyzer      ; user-ой          ; Windows 7 ; 6.1        ; x86_64         ;
+----------------------+------------------+-----------+------------+----------------+


------------
; Flow Log ;
------------
quartus_map --read_settings_files=on --write_settings_files=off 1 -c 1
quartus_fit --read_settings_files=off --write_settings_files=off 1 -c 1
quartus_asm --read_settings_files=off --write_settings_files=off 1 -c 1
quartus_sta 1 -c 1



